<?xml version="1.0" encoding="UTF-8" ?>
<testsuite errors="1" failures="0" hostname="BMCCARTY-LAPTOP" name="com.portfolio.rest.TestPortfolioAdvisor" skipped="0" tests="1" time="0.104" timestamp="2020-03-23T05:30:31">
  <properties>
    <property name="java.vendor" value="Oracle Corporation" />
    <property name="env.USERDOMAIN_ROAMINGPROFILE" value="BMCCARTY-LAPTOP" />
    <property name="sun.java.launcher" value="SUN_STANDARD" />
    <property name="sun.management.compiler" value="HotSpot 64-Bit Tiered Compilers" />
    <property name="env.PROMPT" value="$P$G" />
    <property name="env.DriverData" value="C:\Windows\System32\Drivers\DriverData" />
    <property name="os.name" value="Windows 10" />
    <property name="ant.file.PortfolioAdvisor" value="C:\Users\bmcca\eclipse-workspace\PortfolioAdvisor\build.xml" />
    <property name="sun.boot.class.path" value="C:\Java\jre1.8.0_241\lib\resources.jar;C:\Java\jre1.8.0_241\lib\rt.jar;C:\Java\jre1.8.0_241\lib\sunrsasign.jar;C:\Java\jre1.8.0_241\lib\jsse.jar;C:\Java\jre1.8.0_241\lib\jce.jar;C:\Java\jre1.8.0_241\lib\charsets.jar;C:\Java\jre1.8.0_241\lib\jfr.jar;C:\Java\jre1.8.0_241\classes" />
    <property name="env.COMPUTERNAME" value="BMCCARTY-LAPTOP" />
    <property name="env.CommonProgramW6432" value="C:\Program Files\Common Files" />
    <property name="env.ALLUSERSPROFILE" value="C:\ProgramData" />
    <property name="sun.desktop" value="windows" />
    <property name="java.vm.specification.vendor" value="Oracle Corporation" />
    <property name="ant.home" value="C:\Users\bmcca\.p2\pool\plugins\org.apache.ant_1.10.7.v20190926-0324" />
    <property name="java.runtime.version" value="1.8.0_241-b07" />
    <property name="env.HOMEPATH" value="\Users\bmcca" />
    <property name="user.name" value="bmcca" />
    <property name="user.language" value="en" />
    <property name="sun.boot.library.path" value="C:\Java\jre1.8.0_241\bin" />
    <property name="ant.project.default-target" value="build" />
    <property name="ant.project.name" value="PortfolioAdvisor" />
    <property name="java.version" value="1.8.0_241" />
    <property name="env.PROCESSOR_IDENTIFIER" value="Intel64 Family 6 Model 142 Stepping 12, GenuineIntel" />
    <property name="user.timezone" value="" />
    <property name="env.TEMP" value="C:\Users\bmcca\AppData\Local\Temp" />
    <property name="sun.arch.data.model" value="64" />
    <property name="ant.file.type.PortfolioAdvisor" value="file" />
    <property name="java.endorsed.dirs" value="C:\Java\jre1.8.0_241\lib\endorsed" />
    <property name="sun.cpu.isalist" value="amd64" />
    <property name="env.HOMEDRIVE" value="C:" />
    <property name="sun.jnu.encoding" value="Cp1252" />
    <property name="file.encoding.pkg" value="sun.io" />
    <property name="file.separator" value="\" />
    <property name="java.specification.name" value="Java Platform API Specification" />
    <property name="java.class.version" value="52.0" />
    <property name="user.country" value="US" />
    <property name="java.home" value="C:\Java\jre1.8.0_241" />
    <property name="env.PSModulePath" value="C:\Program Files\WindowsPowerShell\Modules;C:\Windows\system32\WindowsPowerShell\v1.0\Modules" />
    <property name="env.APPDATA" value="C:\Users\bmcca\AppData\Roaming" />
    <property name="env.PUBLIC" value="C:\Users\Public" />
    <property name="java.vm.info" value="mixed mode" />
    <property name="env.ComSpec" value="C:\Windows\system32\cmd.exe" />
    <property name="env.OS" value="Windows_NT" />
    <property name="env.CommonProgramFiles" value="C:\Program Files\Common Files" />
    <property name="ant.file" value="C:\Users\bmcca\eclipse-workspace\PortfolioAdvisor\build.xml" />
    <property name="os.version" value="10.0" />
    <property name="env.ProgramW6432" value="C:\Program Files" />
    <property name="path.separator" value=";" />
    <property name="java.vm.version" value="25.241-b07" />
    <property name="user.variant" value="" />
    <property name="env.USERPROFILE" value="C:\Users\bmcca" />
    <property name="ant.library.dir" value="C:\Users\bmcca\.p2\pool\plugins\org.apache.ant_1.10.7.v20190926-0324\lib" />
    <property name="junit.output.dir" value="junit" />
    <property name="env.JAVA_HOME" value="C:\Java\jdk1.8.0_241" />
    <property name="java.awt.printerjob" value="sun.awt.windows.WPrinterJob" />
    <property name="env.TMP" value="C:\Users\bmcca\AppData\Local\Temp" />
    <property name="sun.io.unicode.encoding" value="UnicodeLittle" />
    <property name="awt.toolkit" value="sun.awt.windows.WToolkit" />
    <property name="user.script" value="" />
    <property name="user.home" value="C:\Users\bmcca" />
    <property name="target" value="1.8" />
    <property name="env.ProgramData" value="C:\ProgramData" />
    <property name="env.SESSIONNAME" value="Console" />
    <property name="env.ProgramFiles(x86)" value="C:\Program Files (x86)" />
    <property name="java.specification.vendor" value="Oracle Corporation" />
    <property name="env.NUMBER_OF_PROCESSORS" value="4" />
    <property name="java.library.path" value="C:\Java\jre1.8.0_241\bin;C:\Windows\Sun\Java\bin;C:\Windows\system32;C:\Windows;C:/Java/jre1.8.0_241/bin/server;C:/Java/jre1.8.0_241/bin;C:/Java/jre1.8.0_241/lib/amd64;C:\Program Files (x86)\Common Files\Oracle\Java\javapath;C:\Windows\system32;C:\Windows;C:\Windows\System32\Wbem;C:\Windows\System32\WindowsPowerShell\v1.0\;C:\Windows\System32\OpenSSH\;C:\Java\jdk1.8.0_241\bin;C:\Users\bmcca\AppData\Local\Microsoft\WindowsApps;C:\Tools\MinGW;C:\Tools\apache-maven-3.6.3\bin;;C:\Windows\system32;;." />
    <property name="java.vendor.url" value="http://java.oracle.com/" />
    <property name="java.vm.vendor" value="Oracle Corporation" />
    <property name="java.runtime.name" value="Java(TM) SE Runtime Environment" />
    <property name="ant.version" value="Apache Ant(TM) version 1.10.7 compiled on September 1 2019" />
    <property name="java.class.path" value="C:\Users\bmcca\eclipse-workspace\PortfolioAdvisor\build\classes;C:\Tools\apache-tomcat-9.0.33\lib\annotations-api.jar;C:\Tools\apache-tomcat-9.0.33\lib\catalina-ant.jar;C:\Tools\apache-tomcat-9.0.33\lib\catalina-ha.jar;C:\Tools\apache-tomcat-9.0.33\lib\catalina-ssi.jar;C:\Tools\apache-tomcat-9.0.33\lib\catalina-storeconfig.jar;C:\Tools\apache-tomcat-9.0.33\lib\catalina-tribes.jar;C:\Tools\apache-tomcat-9.0.33\lib\catalina.jar;C:\Tools\apache-tomcat-9.0.33\lib\ecj-4.13.jar;C:\Tools\apache-tomcat-9.0.33\lib\el-api.jar;C:\Tools\apache-tomcat-9.0.33\lib\jasper-el.jar;C:\Tools\apache-tomcat-9.0.33\lib\jasper.jar;C:\Tools\apache-tomcat-9.0.33\lib\jaspic-api.jar;C:\Tools\apache-tomcat-9.0.33\lib\jsp-api.jar;C:\Tools\apache-tomcat-9.0.33\lib\servlet-api.jar;C:\Tools\apache-tomcat-9.0.33\lib\tomcat-api.jar;C:\Tools\apache-tomcat-9.0.33\lib\tomcat-coyote.jar;C:\Tools\apache-tomcat-9.0.33\lib\tomcat-dbcp.jar;C:\Tools\apache-tomcat-9.0.33\lib\tomcat-i18n-cs.jar;C:\Tools\apache-tomcat-9.0.33\lib\tomcat-i18n-de.jar;C:\Tools\apache-tomcat-9.0.33\lib\tomcat-i18n-es.jar;C:\Tools\apache-tomcat-9.0.33\lib\tomcat-i18n-fr.jar;C:\Tools\apache-tomcat-9.0.33\lib\tomcat-i18n-ja.jar;C:\Tools\apache-tomcat-9.0.33\lib\tomcat-i18n-ko.jar;C:\Tools\apache-tomcat-9.0.33\lib\tomcat-i18n-pt-BR.jar;C:\Tools\apache-tomcat-9.0.33\lib\tomcat-i18n-ru.jar;C:\Tools\apache-tomcat-9.0.33\lib\tomcat-i18n-zh-CN.jar;C:\Tools\apache-tomcat-9.0.33\lib\tomcat-jdbc.jar;C:\Tools\apache-tomcat-9.0.33\lib\tomcat-jni.jar;C:\Tools\apache-tomcat-9.0.33\lib\tomcat-util-scan.jar;C:\Tools\apache-tomcat-9.0.33\lib\tomcat-util.jar;C:\Tools\apache-tomcat-9.0.33\lib\tomcat-websocket.jar;C:\Tools\apache-tomcat-9.0.33\lib\websocket-api.jar;C:\Users\bmcca\eclipse-workspace\PortfolioAdvisor\WebContent\WEB-INF\lib\aopalliance-repackaged-2.6.1.jar;C:\Users\bmcca\eclipse-workspace\PortfolioAdvisor\WebContent\WEB-INF\lib\gson-2.8.6.jar;C:\Users\bmcca\eclipse-workspace\PortfolioAdvisor\WebContent\WEB-INF\lib\hk2-api-2.6.1.jar;C:\Users\bmcca\eclipse-workspace\PortfolioAdvisor\WebContent\WEB-INF\lib\hk2-locator-2.6.1.jar;C:\Users\bmcca\eclipse-workspace\PortfolioAdvisor\WebContent\WEB-INF\lib\hk2-utils-2.6.1.jar;C:\Users\bmcca\eclipse-workspace\PortfolioAdvisor\WebContent\WEB-INF\lib\jakarta.activation-api-1.2.1.jar;C:\Users\bmcca\eclipse-workspace\PortfolioAdvisor\WebContent\WEB-INF\lib\jakarta.annotation-api-1.3.5.jar;C:\Users\bmcca\eclipse-workspace\PortfolioAdvisor\WebContent\WEB-INF\lib\jakarta.inject-2.6.1.jar;C:\Users\bmcca\eclipse-workspace\PortfolioAdvisor\WebContent\WEB-INF\lib\jakarta.json-1.1.5.jar;C:\Users\bmcca\eclipse-workspace\PortfolioAdvisor\WebContent\WEB-INF\lib\jakarta.json-api-1.1.5.jar;C:\Users\bmcca\eclipse-workspace\PortfolioAdvisor\WebContent\WEB-INF\lib\jakarta.json.bind-api-1.0.2.jar;C:\Users\bmcca\eclipse-workspace\PortfolioAdvisor\WebContent\WEB-INF\lib\jakarta.persistence-api-2.2.3.jar;C:\Users\bmcca\eclipse-workspace\PortfolioAdvisor\WebContent\WEB-INF\lib\jakarta.servlet-api-4.0.3.jar;C:\Users\bmcca\eclipse-workspace\PortfolioAdvisor\WebContent\WEB-INF\lib\jakarta.validation-api-2.0.2.jar;C:\Users\bmcca\eclipse-workspace\PortfolioAdvisor\WebContent\WEB-INF\lib\jakarta.ws.rs-api-2.1.6-sources.jar;C:\Users\bmcca\eclipse-workspace\PortfolioAdvisor\WebContent\WEB-INF\lib\jakarta.ws.rs-api-2.1.6.jar;C:\Users\bmcca\eclipse-workspace\PortfolioAdvisor\WebContent\WEB-INF\lib\jakarta.xml.bind-api-2.3.2.jar;C:\Users\bmcca\eclipse-workspace\PortfolioAdvisor\WebContent\WEB-INF\lib\javassist-3.25.0-GA.jar;C:\Users\bmcca\eclipse-workspace\PortfolioAdvisor\WebContent\WEB-INF\lib\jersey-client.jar;C:\Users\bmcca\eclipse-workspace\PortfolioAdvisor\WebContent\WEB-INF\lib\jersey-common.jar;C:\Users\bmcca\eclipse-workspace\PortfolioAdvisor\WebContent\WEB-INF\lib\jersey-container-servlet-core.jar;C:\Users\bmcca\eclipse-workspace\PortfolioAdvisor\WebContent\WEB-INF\lib\jersey-container-servlet.jar;C:\Users\bmcca\eclipse-workspace\PortfolioAdvisor\WebContent\WEB-INF\lib\jersey-hk2.jar;C:\Users\bmcca\eclipse-workspace\PortfolioAdvisor\WebContent\WEB-INF\lib\jersey-media-jaxb.jar;C:\Users\bmcca\eclipse-workspace\PortfolioAdvisor\WebContent\WEB-INF\lib\jersey-media-json-binding.jar;C:\Users\bmcca\eclipse-workspace\PortfolioAdvisor\WebContent\WEB-INF\lib\jersey-media-sse.jar;C:\Users\bmcca\eclipse-workspace\PortfolioAdvisor\WebContent\WEB-INF\lib\jersey-server.jar;C:\Users\bmcca\eclipse-workspace\PortfolioAdvisor\WebContent\WEB-INF\lib\log4j-1.2-api-2.13.1.jar;C:\Users\bmcca\eclipse-workspace\PortfolioAdvisor\WebContent\WEB-INF\lib\log4j-api-2.13.1.jar;C:\Users\bmcca\eclipse-workspace\PortfolioAdvisor\WebContent\WEB-INF\lib\log4j-core-2.13.1.jar;C:\Users\bmcca\eclipse-workspace\PortfolioAdvisor\WebContent\WEB-INF\lib\org.osgi.core-6.0.0.jar;C:\Users\bmcca\eclipse-workspace\PortfolioAdvisor\WebContent\WEB-INF\lib\osgi-resource-locator-1.0.3.jar;C:\Users\bmcca\eclipse-workspace\PortfolioAdvisor\WebContent\WEB-INF\lib\yasson-1.0.3.jar;C:\Users\bmcca\.p2\pool\plugins\org.junit.jupiter.api_5.6.0.v20200203-2009.jar;C:\Users\bmcca\.p2\pool\plugins\org.junit.jupiter.engine_5.6.0.v20200203-2009.jar;C:\Users\bmcca\.p2\pool\plugins\org.junit.jupiter.migrationsupport_5.6.0.v20200203-2009.jar;C:\Users\bmcca\.p2\pool\plugins\org.junit.jupiter.params_5.6.0.v20200203-2009.jar;C:\Users\bmcca\.p2\pool\plugins\org.junit.platform.commons_1.6.0.v20200203-2009.jar;C:\Users\bmcca\.p2\pool\plugins\org.junit.platform.engine_1.6.0.v20200203-2009.jar;C:\Users\bmcca\.p2\pool\plugins\org.junit.platform.launcher_1.6.0.v20200203-2009.jar;C:\Users\bmcca\.p2\pool\plugins\org.junit.platform.runner_1.6.0.v20200203-2009.jar;C:\Users\bmcca\.p2\pool\plugins\org.junit.platform.suite.api_1.6.0.v20200203-2009.jar;C:\Users\bmcca\.p2\pool\plugins\org.junit.vintage.engine_5.6.0.v20200203-2009.jar;C:\Users\bmcca\.p2\pool\plugins\org.opentest4j_1.2.0.v20190826-0900.jar;C:\Users\bmcca\.p2\pool\plugins\org.apiguardian_1.1.0.v20190826-0900.jar;C:\Users\bmcca\.p2\pool\plugins\org.junit_4.13.0.v20200204-1500.jar;C:\Users\bmcca\.p2\pool\plugins\org.hamcrest.core_1.3.0.v20180420-1519.jar;C:\Users\bmcca\.p2\pool\plugins\org.apache.ant_1.10.7.v20190926-0324\lib\ant-launcher.jar;C:\Users\bmcca\.p2\pool\plugins\org.apache.ant_1.10.7.v20190926-0324\lib\ant.jar;C:\Users\bmcca\.p2\pool\plugins\org.apache.ant_1.10.7.v20190926-0324\lib\ant-junit.jar;C:\Users\bmcca\.p2\pool\plugins\org.apache.ant_1.10.7.v20190926-0324\lib\ant-junit4.jar" />
    <property name="sun.java.command" value="org.apache.tools.ant.taskdefs.optional.junit.JUnitTestRunner com.portfolio.rest.TestPortfolioAdvisor skipNonTests=false filtertrace=true haltOnError=false haltOnFailure=false formatter=org.apache.tools.ant.taskdefs.optional.junit.OutErrSummaryJUnitResultFormatter showoutput=false outputtoformatters=true logfailedtests=true threadid=0 logtestlistenerevents=false formatter=org.apache.tools.ant.taskdefs.optional.junit.XMLJUnitResultFormatter,C:\Users\bmcca\eclipse-workspace\PortfolioAdvisor\junit\TEST-com.portfolio.rest.TestPortfolioAdvisor.xml crashfile=C:\Users\bmcca\eclipse-workspace\PortfolioAdvisor\junitvmwatcher6471999823128103741.properties propsfile=C:\Users\bmcca\eclipse-workspace\PortfolioAdvisor\junit2139102552015234613.properties" />
    <property name="java.vm.specification.name" value="Java Virtual Machine Specification" />
    <property name="env.windir" value="C:\Windows" />
    <property name="env.LOGONSERVER" value="\\BMCCARTY-LAPTOP" />
    <property name="env.PROCESSOR_ARCHITECTURE" value="AMD64" />
    <property name="java.vm.specification.version" value="1.8" />
    <property name="sun.os.patch.level" value="" />
    <property name="sun.cpu.endian" value="little" />
    <property name="debuglevel" value="source,lines,vars" />
    <property name="env.OneDrive" value="C:\Users\bmcca\OneDrive" />
    <property name="env.ProgramFiles" value="C:\Program Files" />
    <property name="env.ANT_HOME" value="C:\Users\bmcca\.p2\pool\plugins\org.apache.ant_1.10.7.v20190926-0324" />
    <property name="java.io.tmpdir" value="C:\Users\bmcca\AppData\Local\Temp\" />
    <property name="env.PROCESSOR_REVISION" value="8e0c" />
    <property name="env.CommonProgramFiles(x86)" value="C:\Program Files (x86)\Common Files" />
    <property name="java.vendor.url.bug" value="http://bugreport.sun.com/bugreport/" />
    <property name="env.OneDriveConsumer" value="C:\Users\bmcca\OneDrive" />
    <property name="env.SystemRoot" value="C:\Windows" />
    <property name="java.awt.graphicsenv" value="sun.awt.Win32GraphicsEnvironment" />
    <property name="os.arch" value="amd64" />
    <property name="java.ext.dirs" value="C:\Java\jre1.8.0_241\lib\ext;C:\Windows\Sun\Java\lib\ext" />
    <property name="user.dir" value="C:\Users\bmcca\eclipse-workspace\PortfolioAdvisor" />
    <property name="env.LOCALAPPDATA" value="C:\Users\bmcca\AppData\Local" />
    <property name="env.MAVEN_HOME" value="C:\Tools\apache-maven-3.6.3" />
    <property name="env.OUTPUT_PATH" value="C:\Temp\Logs\" />
    <property name="env.MINGW_HOME" value="C:\Tools\MinGW" />
    <property name="line.separator" value="&#xd;&#xa;" />
    <property name="java.vm.name" value="Java HotSpot(TM) 64-Bit Server VM" />
    <property name="env.PATHEXT" value=".COM;.EXE;.BAT;.CMD;.VBS;.VBE;.JS;.JSE;.WSF;.WSH;.MSC" />
    <property name="env.Path" value="C:/Java/jre1.8.0_241/bin/server;C:/Java/jre1.8.0_241/bin;C:/Java/jre1.8.0_241/lib/amd64;C:\Program Files (x86)\Common Files\Oracle\Java\javapath;C:\Windows\system32;C:\Windows;C:\Windows\System32\Wbem;C:\Windows\System32\WindowsPowerShell\v1.0\;C:\Windows\System32\OpenSSH\;C:\Java\jdk1.8.0_241\bin;C:\Users\bmcca\AppData\Local\Microsoft\WindowsApps;C:\Tools\MinGW;C:\Tools\apache-maven-3.6.3\bin;;C:\Windows\system32;" />
    <property name="basedir" value="C:\Users\bmcca\eclipse-workspace\PortfolioAdvisor" />
    <property name="ant.java.version" value="1.8" />
    <property name="ant.core.lib" value="C:\Users\bmcca\.p2\pool\plugins\org.apache.ant_1.10.7.v20190926-0324\lib\ant.jar" />
    <property name="env.USERNAME" value="bmcca" />
    <property name="source" value="1.8" />
    <property name="env.SystemDrive" value="C:" />
    <property name="file.encoding" value="Cp1252" />
    <property name="env.USERDOMAIN" value="BMCCARTY-LAPTOP" />
    <property name="java.specification.version" value="1.8" />
    <property name="ant.project.invoked-targets" value="TestPortfolioAdvisor" />
    <property name="env.PROCESSOR_LEVEL" value="6" />
  </properties>
  <testcase classname="com.portfolio.rest.TestPortfolioAdvisor" name="initializationError" time="0.005">
    <error message="Invalid test class &apos;com.portfolio.rest.TestPortfolioAdvisor&apos;:&#xa;  1. No runnable methods" type="org.junit.runners.model.InvalidTestClassError">org.junit.runners.model.InvalidTestClassError: Invalid test class &apos;com.portfolio.rest.TestPortfolioAdvisor&apos;:
  1. No runnable methods
	at java.lang.reflect.Constructor.newInstance(Unknown Source)
</error>
  </testcase>
  <system-out><![CDATA[]]></system-out>
  <system-err><![CDATA[]]></system-err>
</testsuite>
